<?xml version="1.0" encoding="UTF-8"?>
<!-- Generated by org.testng.reporters.JUnitReportReporter -->
<testsuite hostname="AM-20160126PVBP" name="com.test.testcase.TestUI" tests="1" failures="0" timestamp="21 Jun 2016 01:04:59 GMT" time="2.613" errors="0">
  <testcase name="testUI" time="2.613" classname="com.test.testcase.TestUI"/>
</testsuite> <!-- com.test.testcase.TestUI -->
